[shravanpandala.framer.website/index.html]
[backblue.gif]
[fade.gif]
[index.html]
[framerusercontent.com/sites/icons/default-favicon-light.v1.png]
[framerusercontent.com/sites/icons/default-favicon-dark.v1.png]
[framerusercontent.com/sites/icons/default-touch-icon.v3.png]
[framerusercontent.com/images/nClpwUJXy76KkcrXOhfhGml7lpw17f5.png]
[framerusercontent.com/images/T5KLjJHidx8MmTc7FbdBDHdZHNw.png]
[framerusercontent.com/images/WsapR6XRCEhmivrhJWdJ8fhpPvg.png]
[framerusercontent.com/images/S2asRRMn8KWY3eQJKuMDnlqjmWc.png]
[framerusercontent.com/images/YYAYBsO6uSXCk1GFh7aMXaQDIbQ.png]
[framerusercontent.com/images/Ord7yuxGEkl01GLKEYVeCCk9M.png]
[framerusercontent.com/images/ZjjLCnQW2SYQemU1czIMxrHDM.png]
[framerusercontent.com/images/YVSJFWhKv2T7CZ3fqoodlfQ4.png]
[framerusercontent.com/images/o66jQK06J6jbVRWl2xmJc9Zoo.png]
[framerusercontent.com/images/fY4TPAQ7KyBoBIozOi6k32KBY38.png]
[framerusercontent.com/images/1JDzRX6wbqJ7jR96Dwxhq60H2k.png]
[framerusercontent.com/images/xvqipeiaJdCSbo41rh28g02hKI.png]
[framerusercontent.com/images/N7F9RcpgNgx9khTXeZDQwlZuTM.png]
[framerusercontent.com/images/7GGmiQXFZQY22mXr50t9IB1Wns.png]
[framerusercontent.com/images/QWOep3mYPYFJBBBcyrhOvep3U.png]
[framerusercontent.com/images/zWtmycaKcHGkgrWpGA2NTcMUO0.png]
[framerusercontent.com/images/YeraSIiRQJsF1KZYMLIfKFWlJKI.png]
[framerusercontent.com/images/I6NQjDnLfp26CFuKaDD52iHUJII.png]
[shravanpandala.framer.website/index.html]
